<?xml version="1.0" encoding="UTF-8" ?>
<testsuite tests="31" failures="0" name="com.sg.superherosightings.service.ServiceImplTest" time="7.205" errors="0" skipped="0">
  <properties>
[...]
</properties>
  <testcase classname="com.sg.superherosightings.service.ServiceImplTest" name="addGetOrganization" time="0.524"/>
  <testcase classname="com.sg.superherosightings.service.ServiceImplTest" name="deleteSighting" time="0.248"/>
  <testcase classname="com.sg.superherosightings.service.ServiceImplTest" name="getAllHeroAndPower" time="0.232"/>
  <testcase classname="com.sg.superherosightings.service.ServiceImplTest" name="deleteAddress" time="0.199"/>
  <testcase classname="com.sg.superherosightings.service.ServiceImplTest" name="addGetSighting" time="0.263"/>
  <testcase classname="com.sg.superherosightings.service.ServiceImplTest" name="deleteHeroPower" time="0.202"/>
  <testcase classname="com.sg.superherosightings.service.ServiceImplTest" name="deletePower" time="0.181"/>
  <testcase classname="com.sg.superherosightings.service.ServiceImplTest" name="deleteMember" time="0.217"/>
  <testcase classname="com.sg.superherosightings.service.ServiceImplTest" name="addUpdateSighting" time="0.267"/>
  <testcase classname="com.sg.superherosightings.service.ServiceImplTest" name="getAllHeroes" time="0.221"/>
  <testcase classname="com.sg.superherosightings.service.ServiceImplTest" name="getAllAddresses" time="0.209"/>
  <testcase classname="com.sg.superherosightings.service.ServiceImplTest" name="getAllSightings" time="0.302"/>
  <testcase classname="com.sg.superherosightings.service.ServiceImplTest" name="addGetHeroPowerByPowerIdandByHeroId" time="0.332"/>
  <testcase classname="com.sg.superherosightings.service.ServiceImplTest" name="getAllPowers" time="0.198"/>
  <testcase classname="com.sg.superherosightings.service.ServiceImplTest" name="addUpdateHero" time="0.31"/>
  <testcase classname="com.sg.superherosightings.service.ServiceImplTest" name="deleteLocation" time="0.202"/>
  <testcase classname="com.sg.superherosightings.service.ServiceImplTest" name="addGetAddress" time="0.199"/>
  <testcase classname="com.sg.superherosightings.service.ServiceImplTest" name="deleteOrganization" time="0.262"/>
  <testcase classname="com.sg.superherosightings.service.ServiceImplTest" name="addUpdatePower" time="0.143"/>
  <testcase classname="com.sg.superherosightings.service.ServiceImplTest" name="getAllOrganizations" time="0.242"/>
  <testcase classname="com.sg.superherosightings.service.ServiceImplTest" name="addUpdateOrganization" time="0.182"/>
  <testcase classname="com.sg.superherosightings.service.ServiceImplTest" name="addGetLocation" time="0.281"/>
  <testcase classname="com.sg.superherosightings.service.ServiceImplTest" name="addGetMember" time="0.225"/>
  <testcase classname="com.sg.superherosightings.service.ServiceImplTest" name="addUpdateLocation" time="0.192"/>
  <testcase classname="com.sg.superherosightings.service.ServiceImplTest" name="addUpdateMember" time="0.21"/>
  <testcase classname="com.sg.superherosightings.service.ServiceImplTest" name="addGetPower" time="0.131"/>
  <testcase classname="com.sg.superherosightings.service.ServiceImplTest" name="getAllLocations" time="0.285"/>
  <testcase classname="com.sg.superherosightings.service.ServiceImplTest" name="addUpdateAddress" time="0.177"/>
  <testcase classname="com.sg.superherosightings.service.ServiceImplTest" name="deleteHero" time="0.196"/>
  <testcase classname="com.sg.superherosightings.service.ServiceImplTest" name="addGetHero" time="0.157"/>
  <testcase classname="com.sg.superherosightings.service.ServiceImplTest" name="getAllMembers" time="0.213"/>
</testsuite>