<?xml version="1.0" encoding="UTF-8" ?>
<testsuite tests="31" failures="0" name="com.sg.superherosightings.service.ServiceImplTest" time="9.82" errors="0" skipped="0">
  <properties>
[...]
</properties>
  <testcase classname="com.sg.superherosightings.service.ServiceImplTest" name="addGetOrganization" time="0.515"/>
  <testcase classname="com.sg.superherosightings.service.ServiceImplTest" name="deleteSighting" time="0.475"/>
  <testcase classname="com.sg.superherosightings.service.ServiceImplTest" name="getAllHeroAndPower" time="0.414"/>
  <testcase classname="com.sg.superherosightings.service.ServiceImplTest" name="deleteAddress" time="0.253"/>
  <testcase classname="com.sg.superherosightings.service.ServiceImplTest" name="addGetSighting" time="0.425"/>
  <testcase classname="com.sg.superherosightings.service.ServiceImplTest" name="deleteHeroPower" time="0.203"/>
  <testcase classname="com.sg.superherosightings.service.ServiceImplTest" name="deletePower" time="0.155"/>
  <testcase classname="com.sg.superherosightings.service.ServiceImplTest" name="deleteMember" time="0.394"/>
  <testcase classname="com.sg.superherosightings.service.ServiceImplTest" name="addUpdateSighting" time="0.201"/>
  <testcase classname="com.sg.superherosightings.service.ServiceImplTest" name="getAllHeroes" time="0.365"/>
  <testcase classname="com.sg.superherosightings.service.ServiceImplTest" name="getAllAddresses" time="0.307"/>
  <testcase classname="com.sg.superherosightings.service.ServiceImplTest" name="getAllSightings" time="0.367"/>
  <testcase classname="com.sg.superherosightings.service.ServiceImplTest" name="addGetHeroPowerByPowerIdandByHeroId" time="0.371"/>
  <testcase classname="com.sg.superherosightings.service.ServiceImplTest" name="getAllPowers" time="0.245"/>
  <testcase classname="com.sg.superherosightings.service.ServiceImplTest" name="addUpdateHero" time="0.392"/>
  <testcase classname="com.sg.superherosightings.service.ServiceImplTest" name="deleteLocation" time="1.062"/>
  <testcase classname="com.sg.superherosightings.service.ServiceImplTest" name="addGetAddress" time="0"/>
  <testcase classname="com.sg.superherosightings.service.ServiceImplTest" name="deleteOrganization" time="0"/>
  <testcase classname="com.sg.superherosightings.service.ServiceImplTest" name="addUpdatePower" time="0.018"/>
  <testcase classname="com.sg.superherosightings.service.ServiceImplTest" name="getAllOrganizations" time="0.501"/>
  <testcase classname="com.sg.superherosightings.service.ServiceImplTest" name="addUpdateOrganization" time="0.338"/>
  <testcase classname="com.sg.superherosightings.service.ServiceImplTest" name="addGetLocation" time="0.251"/>
  <testcase classname="com.sg.superherosightings.service.ServiceImplTest" name="addGetMember" time="0.258"/>
  <testcase classname="com.sg.superherosightings.service.ServiceImplTest" name="addUpdateLocation" time="0.22"/>
  <testcase classname="com.sg.superherosightings.service.ServiceImplTest" name="addUpdateMember" time="0.327"/>
  <testcase classname="com.sg.superherosightings.service.ServiceImplTest" name="addGetPower" time="0.467"/>
  <testcase classname="com.sg.superherosightings.service.ServiceImplTest" name="getAllLocations" time="0.402"/>
  <testcase classname="com.sg.superherosightings.service.ServiceImplTest" name="addUpdateAddress" time="0.245"/>
  <testcase classname="com.sg.superherosightings.service.ServiceImplTest" name="deleteHero" time="0.185"/>
  <testcase classname="com.sg.superherosightings.service.ServiceImplTest" name="addGetHero" time="0.225"/>
  <testcase classname="com.sg.superherosightings.service.ServiceImplTest" name="getAllMembers" time="0.239"/>
</testsuite>